1649304547525	geckodriver	INFO	Listening on 127.0.0.1:53250
1649304550642	mozrunner::runner	INFO	Running command: "C:\\Program Files\\Mozilla Firefox\\firefox.exe" "--marionette" "--remote-debugging-port" "53251" "-no-remote" "-profile" "C:\\Users\\ramon\\AppData\\Local\\Temp\\rust_mozprofileFNz7Bw"
1649304551492	Marionette	INFO	Marionette enabled
console.warn: SearchSettings: "get: No settings file exists, new profile?" (new NotFoundError("Could not open the file at C:\\Users\\ramon\\AppData\\Local\\Temp\\rust_mozprofileFNz7Bw\\search.json.mozlz4", (void 0)))
DevTools listening on ws://localhost:53251/devtools/browser/f75b52a7-1ad2-4be0-bb73-0abefb25e5b4
1649304555570	Marionette	INFO	Listening on port 53257
1649304555951	RemoteAgent	WARN	TLS certificate errors will be ignored for this session
1649304576878	Marionette	WARN	TimedPromise timed out after 500 ms: stacktrace:
TimedPromise/<@chrome://remote/content/marionette/sync.js:235:19
TimedPromise@chrome://remote/content/marionette/sync.js:220:10
interaction.flushEventLoop@chrome://remote/content/marionette/interaction.js:431:10
webdriverClickElement@chrome://remote/content/marionette/interaction.js:179:31
console.warn: LoginRecipes: "getRecipes: falling back to a synchronous message for:" "https://www.trxmining.co"
console.warn: LoginRecipes: "getRecipes: falling back to a synchronous message for:" "https://www.trxmining.co"
JavaScript error: resource://gre/modules/LoginManagerParent.jsm, line 136: TypeError: gRecipeManager is null
1649304583448	Marionette	WARN	TimedPromise timed out after 500 ms: stacktrace:
TimedPromise/<@chrome://remote/content/marionette/sync.js:235:19
TimedPromise@chrome://remote/content/marionette/sync.js:220:10
interaction.flushEventLoop@chrome://remote/content/marionette/interaction.js:431:10
webdriverClickElement@chrome://remote/content/marionette/interaction.js:179:31
JavaScript error: resource://gre/modules/XULStore.jsm, line 66: Error: Can't find profile directory.
JavaScript error: resource://gre/modules/XULStore.jsm, line 66: Error: Can't find profile directory.
1649304599003	Marionette	INFO	Stopped listening on port 53257
